0
2056
0
0
0
0
0
0
BRKP
MOV SP, 4122
MOV R0, "Read"
PUSH R0
MOV R0, -1
PUSH R0
MOV R0, 4096
PUSH R0
PUSH R0
PUSH R0
CALL 0
POP R0
POP R0
POP R0
POP R0
POP R0
LBL0:
MOV R0, 1
JZ R0, LBL1
MOV R1, [4096]
PUSH R0
PUSH R1
PUSH R2
MOV R0, "Write"
PUSH R0
MOV R0, -2
PUSH R0
MOV R0, R1
PUSH R0
PUSH R0
PUSH R0
CALL 0
POP R0
POP R0
POP R0
POP R0
POP R0
POP R2
POP R1
POP R0
MOV R1, [4096]
MOV R2, 1
ADD R1, R2
MOV [4096], R1
MOV R1, [4096]
MOV R2, 5
EQ R1, R2
JZ R1, LBL2
JMP LBL0
JMP LBL3
LBL2:
LBL3:
JMP LBL0
LBL1:
INT 10
