0
2056
0
0
0
0
0
0
MOV SP, 4095
MOV BP, 4095
BRKP
JMP MAIN
FUNC0:
PUSH BP
MOV BP, SP
PUSH R0
PUSH R0
PUSH R0
PUSH R0
PUSH R0
PUSH R0
PUSH R0
PUSH R0
PUSH R0
PUSH R0
PUSH R0
PUSH R0
MOV R1, BP
ADD R1, -3
MOV R1, [R1]
MOV R2, BP
ADD R2, 1
MOV [R2], R1
MOV R1, BP
ADD R1, -4
MOV R1, [R1]
MOV R2, BP
ADD R2, 2
MOV [R2], R1
MOV R1, 1
MOV R2, BP
ADD R2, 3
MOV [R2], R1
MOV R1, 0
MOV R2, BP
ADD R2, 4
MOV [R2], R1
MOV R1, 0
MOV R2, BP
ADD R2, 5
MOV [R2], R1
MOV R1, 1
MOV R2, BP
ADD R2, 6
MOV [R2], R1
LBL0:
MOV R1, BP
ADD R1, 2
MOV R1, [R1]
MOV R2, 0
NE R1, R2
JZ R1, LBL1
MOV R1, BP
ADD R1, 1
MOV R1, [R1]
MOV R2, BP
ADD R2, 2
MOV R2, [R2]
DIV R1, R2
MOV R2, BP
ADD R2, 7
MOV [R2], R1
MOV R1, BP
ADD R1, 1
MOV R1, [R1]
MOV R2, BP
ADD R2, 7
MOV R2, [R2]
MOV R3, BP
ADD R3, 2
MOV R3, [R3]
MUL R2, R3
SUB R1, R2
MOV R2, BP
ADD R2, 8
MOV [R2], R1
MOV R1, BP
ADD R1, 3
MOV R1, [R1]
MOV R2, BP
ADD R2, 7
MOV R2, [R2]
MOV R3, BP
ADD R3, 4
MOV R3, [R3]
MUL R2, R3
SUB R1, R2
MOV R2, BP
ADD R2, 9
MOV [R2], R1
MOV R1, BP
ADD R1, 5
MOV R1, [R1]
MOV R2, BP
ADD R2, 7
MOV R2, [R2]
MOV R3, BP
ADD R3, 6
MOV R3, [R3]
MUL R2, R3
SUB R1, R2
MOV R2, BP
ADD R2, 10
MOV [R2], R1
MOV R1, BP
ADD R1, 2
MOV R1, [R1]
MOV R2, BP
ADD R2, 1
MOV [R2], R1
MOV R1, BP
ADD R1, 8
MOV R1, [R1]
MOV R2, BP
ADD R2, 2
MOV [R2], R1
MOV R1, BP
ADD R1, 4
MOV R1, [R1]
MOV R2, BP
ADD R2, 3
MOV [R2], R1
MOV R1, BP
ADD R1, 9
MOV R1, [R1]
MOV R2, BP
ADD R2, 4
MOV [R2], R1
MOV R1, BP
ADD R1, 6
MOV R1, [R1]
MOV R2, BP
ADD R2, 5
MOV [R2], R1
MOV R1, BP
ADD R1, 10
MOV R1, [R1]
MOV R2, BP
ADD R2, 6
MOV [R2], R1
JMP LBL0
LBL1:
MOV R1, BP
ADD R1, 1
MOV R1, [R1]
PUSH R1
MOV R0, "Write"
PUSH R0
MOV R0, -2
PUSH R0
MOV R0, R1
PUSH R0
PUSH R0
PUSH R0
CALL 0
POP R0
POP R0
POP R0
POP R0
POP R0
POP R1
MOV R1, BP
ADD R1, 3
MOV R1, [R1]
PUSH R1
MOV R0, "Write"
PUSH R0
MOV R0, -2
PUSH R0
MOV R0, R1
PUSH R0
PUSH R0
PUSH R0
CALL 0
POP R0
POP R0
POP R0
POP R0
POP R0
POP R1
MOV R1, BP
ADD R1, 5
MOV R1, [R1]
PUSH R1
MOV R0, "Write"
PUSH R0
MOV R0, -2
PUSH R0
MOV R0, R1
PUSH R0
PUSH R0
PUSH R0
CALL 0
POP R0
POP R0
POP R0
POP R0
POP R0
POP R1
MOV R1, 0
MOV R2, BP
SUB R2, 2
MOV [R2], R1
POP R0
POP R0
POP R0
POP R0
POP R0
POP R0
POP R0
POP R0
POP R0
POP R0
POP R0
POP R0
POP BP
RET
MAIN:
PUSH R0
PUSH R0
PUSH R0
MOV R1, BP
ADD R1, 1
PUSH R1
MOV R0, "Read"
PUSH R0
MOV R0, -1
PUSH R0
MOV R0, R1
PUSH R0
PUSH R0
PUSH R0
CALL 0
POP R0
POP R0
POP R0
POP R0
POP R0
POP R1
MOV R1, BP
ADD R1, 2
PUSH R1
MOV R0, "Read"
PUSH R0
MOV R0, -1
PUSH R0
MOV R0, R1
PUSH R0
PUSH R0
PUSH R0
CALL 0
POP R0
POP R0
POP R0
POP R0
POP R0
POP R1
MOV R1, BP
ADD R1, 2
MOV R1, [R1]
PUSH R1
MOV R1, BP
ADD R1, 1
MOV R1, [R1]
PUSH R1
PUSH R0
CALL FUNC0
MOV R0, SP
MOV R1, [R0]
POP R0
POP R0
POP R0
MOV R2, BP
ADD R2, 3
MOV [R2], R1
MOV R1, 0
INT 10
